<?xml version="1.0" encoding="UTF-8"?>
<testng-results skipped="0" failed="0" ignored="0" total="5" passed="5">
  <reporter-output>
  </reporter-output>
  <suite name="AirportTest" duration-ms="51" started-at="2021-08-30T22:13:36 MSK" finished-at="2021-08-30T22:13:36 MSK">
    <groups>
    </groups>
    <test name="Command line test" duration-ms="51" started-at="2021-08-30T22:13:36 MSK" finished-at="2021-08-30T22:13:36 MSK">
      <class name="AirportTest">
        <test-method status="PASS" signature="testExperimentalPlanesHasClassificationLevelHigherThanUnclassified()[pri:0, instance:AirportTest@735b478]" name="testExperimentalPlanesHasClassificationLevelHigherThanUnclassified" duration-ms="14" started-at="2021-08-30T22:13:36 MSK" finished-at="2021-08-30T22:13:36 MSK">
          <reporter-output>
          </reporter-output>
        </test-method> <!-- testExperimentalPlanesHasClassificationLevelHigherThanUnclassified -->
        <test-method status="PASS" signature="testGetPassengerPlaneWithMaxCapacity()[pri:0, instance:AirportTest@735b478]" name="testGetPassengerPlaneWithMaxCapacity" duration-ms="0" started-at="2021-08-30T22:13:36 MSK" finished-at="2021-08-30T22:13:36 MSK">
          <reporter-output>
          </reporter-output>
        </test-method> <!-- testGetPassengerPlaneWithMaxCapacity -->
        <test-method status="PASS" signature="testHasAtLeastOneBomberInMilitaryPlanes()[pri:0, instance:AirportTest@735b478]" name="testHasAtLeastOneBomberInMilitaryPlanes" duration-ms="0" started-at="2021-08-30T22:13:36 MSK" finished-at="2021-08-30T22:13:36 MSK">
          <reporter-output>
          </reporter-output>
        </test-method> <!-- testHasAtLeastOneBomberInMilitaryPlanes -->
        <test-method status="PASS" signature="testGetTransportMilitaryPlanes()[pri:0, instance:AirportTest@735b478]" name="testGetTransportMilitaryPlanes" duration-ms="0" started-at="2021-08-30T22:13:36 MSK" finished-at="2021-08-30T22:13:36 MSK">
          <reporter-output>
          </reporter-output>
        </test-method> <!-- testGetTransportMilitaryPlanes -->
        <test-method status="PASS" signature="testIsNextPlaneMaxLoadCapacityIsHigherThanCurrent()[pri:0, instance:AirportTest@735b478]" name="testIsNextPlaneMaxLoadCapacityIsHigherThanCurrent" duration-ms="1" started-at="2021-08-30T22:13:36 MSK" finished-at="2021-08-30T22:13:36 MSK">
          <reporter-output>
          </reporter-output>
        </test-method> <!-- testIsNextPlaneMaxLoadCapacityIsHigherThanCurrent -->
      </class> <!-- AirportTest -->
    </test> <!-- Command line test -->
  </suite> <!-- AirportTest -->
</testng-results>
