<?xml version="1.0" encoding="UTF-8"?>
<!-- Generated by org.testng.reporters.JUnitXMLReporter -->
<testsuite hostname="DESKTOP-PC0AS14" ignored="0" tests="5" failures="0" timestamp="2021-09-03T13:11:15 MSK" time="0.043" errors="0">
  <testcase name="testExperimentalPlanesHasClassificationLevelHigherThanUnclassified" time="0.009" classname="AirportTest"/>
  <testcase name="testGetPassengerPlaneWithMaxCapacity" time="0.0" classname="AirportTest"/>
  <testcase name="testGetTransportMilitaryPlanes" time="0.0" classname="AirportTest"/>
  <testcase name="testHasAtLeastOneBomberInMilitaryPlanes" time="0.0" classname="AirportTest"/>
  <testcase name="testIsNextPlaneMaxLoadCapacityIsHigherThanCurrent" time="0.002" classname="AirportTest"/>
</testsuite>
