<?xml version="1.0" encoding="UTF-8"?>
<!-- Generated by org.testng.reporters.JUnitXMLReporter -->
<testsuite hostname="DESKTOP-PC0AS14" ignored="0" tests="5" failures="0" timestamp="2021-08-30T22:13:36 MSK" time="0.051" errors="0">
  <testcase name="testExperimentalPlanesHasClassificationLevelHigherThanUnclassified" time="0.014" classname="AirportTest"/>
  <testcase name="testGetPassengerPlaneWithMaxCapacity" time="0.0" classname="AirportTest"/>
  <testcase name="testGetTransportMilitaryPlanes" time="0.0" classname="AirportTest"/>
  <testcase name="testHasAtLeastOneBomberInMilitaryPlanes" time="0.0" classname="AirportTest"/>
  <testcase name="testIsNextPlaneMaxLoadCapacityIsHigherThanCurrent" time="0.001" classname="AirportTest"/>
</testsuite>
